Determining if the pthread_create exist failed with the following output:
Change Dir: /root/pra/build/CMakeFiles/CMakeTmp

Run Build Command:"/usr/bin/gmake" "cmTC_2e934/fast"
/usr/bin/gmake -f CMakeFiles/cmTC_2e934.dir/build.make CMakeFiles/cmTC_2e934.dir/build
gmake[1]: Entering directory `/root/pra/build/CMakeFiles/CMakeTmp'
Building C object CMakeFiles/cmTC_2e934.dir/CheckSymbolExists.c.o
/usr/bin/cc     -o CMakeFiles/cmTC_2e934.dir/CheckSymbolExists.c.o   -c /root/pra/build/CMakeFiles/CMakeTmp/CheckSymbolExists.c
Linking C executable cmTC_2e934
/usr/local/bin/cmake -E cmake_link_script CMakeFiles/cmTC_2e934.dir/link.txt --verbose=1
/usr/bin/cc       CMakeFiles/cmTC_2e934.dir/CheckSymbolExists.c.o  -o cmTC_2e934 -rdynamic 
CMakeFiles/cmTC_2e934.dir/CheckSymbolExists.c.o: In function `main':
CheckSymbolExists.c:(.text+0x16): undefined reference to `pthread_create'
collect2: error: ld returned 1 exit status
gmake[1]: *** [cmTC_2e934] Error 1
gmake[1]: Leaving directory `/root/pra/build/CMakeFiles/CMakeTmp'
gmake: *** [cmTC_2e934/fast] Error 2

File /root/pra/build/CMakeFiles/CMakeTmp/CheckSymbolExists.c:
/* */
#include <pthread.h>

int main(int argc, char** argv)
{
  (void)argv;
#ifndef pthread_create
  return ((int*)(&pthread_create))[argc];
#else
  (void)argc;
  return 0;
#endif
}

Determining if the function pthread_create exists in the pthreads failed with the following output:
Change Dir: /root/pra/build/CMakeFiles/CMakeTmp

Run Build Command:"/usr/bin/gmake" "cmTC_cd88d/fast"
/usr/bin/gmake -f CMakeFiles/cmTC_cd88d.dir/build.make CMakeFiles/cmTC_cd88d.dir/build
gmake[1]: Entering directory `/root/pra/build/CMakeFiles/CMakeTmp'
Building C object CMakeFiles/cmTC_cd88d.dir/CheckFunctionExists.c.o
/usr/bin/cc    -DCHECK_FUNCTION_EXISTS=pthread_create   -o CMakeFiles/cmTC_cd88d.dir/CheckFunctionExists.c.o   -c /usr/local/share/cmake-3.6/Modules/CheckFunctionExists.c
Linking C executable cmTC_cd88d
/usr/local/bin/cmake -E cmake_link_script CMakeFiles/cmTC_cd88d.dir/link.txt --verbose=1
/usr/bin/cc   -DCHECK_FUNCTION_EXISTS=pthread_create    CMakeFiles/cmTC_cd88d.dir/CheckFunctionExists.c.o  -o cmTC_cd88d -rdynamic -lpthreads 
/usr/bin/ld: cannot find -lpthreads
collect2: error: ld returned 1 exit status
gmake[1]: *** [cmTC_cd88d] Error 1
gmake[1]: Leaving directory `/root/pra/build/CMakeFiles/CMakeTmp'
gmake: *** [cmTC_cd88d/fast] Error 2


